<?xml version="1.0" encoding="UTF-8"?>
<testng-results ignored="0" total="2" passed="2" failed="0" skipped="0">
  <reporter-output>
    <line>
      <![CDATA[<a target="_blank" href="C:\Users\Codetru\eclipselevel\pom\screenshots\screenshot1.png">Screenshot1</a>]]>
    </line>
    <line>
      <![CDATA[<img src="C:\Users\Codetru\eclipselevel\pom\screenshots\screenshot1.png"/>]]>
    </line>
    <line>
      <![CDATA[<a target="_blank" href="C:\Users\Codetru\eclipselevel\pom\screenshots\screenshot1.png">Screenshot1</a>]]>
    </line>
    <line>
      <![CDATA[<img src="C:\Users\Codetru\eclipselevel\pom\screenshots\screenshot1.png"/>]]>
    </line>
  </reporter-output>
  <suite started-at="2021-08-25T10:36:53 IST" name="Suite" finished-at="2021-08-25T10:37:08 IST" duration-ms="15839">
    <groups>
    </groups>
    <test started-at="2021-08-25T10:36:53 IST" name="Test" finished-at="2021-08-25T10:37:08 IST" duration-ms="15839">
      <class name="test.PatientLoginTest">
        <test-method is-config="true" signature="initialize()[pri:0, instance:test.PatientLoginTest@3911c2a7]" started-at="2021-08-25T10:37:01 IST" name="initialize" finished-at="2021-08-25T10:37:08 IST" duration-ms="6797" status="PASS">
          <reporter-output>
            <line>
              <![CDATA[<a target="_blank" href="C:\Users\Codetru\eclipselevel\pom\screenshots\screenshot1.png">Screenshot1</a>]]>
            </line>
            <line>
              <![CDATA[<img src="C:\Users\Codetru\eclipselevel\pom\screenshots\screenshot1.png"/>]]>
            </line>
          </reporter-output>
        </test-method> <!-- initialize -->
        <test-method signature="loginTest()[pri:0, instance:test.PatientLoginTest@3911c2a7]" started-at="2021-08-25T10:37:08 IST" name="loginTest" finished-at="2021-08-25T10:37:08 IST" duration-ms="375" status="PASS">
          <reporter-output>
          </reporter-output>
        </test-method> <!-- loginTest -->
        <test-method is-config="true" signature="TeardownTest()[pri:0, instance:test.PatientLoginTest@3911c2a7]" started-at="2021-08-25T10:37:08 IST" name="TeardownTest" finished-at="2021-08-25T10:37:08 IST" duration-ms="229" status="PASS">
          <reporter-output>
          </reporter-output>
        </test-method> <!-- TeardownTest -->
      </class> <!-- test.PatientLoginTest -->
      <class name="test.PatientSignUpTest">
        <test-method is-config="true" signature="initialize()[pri:0, instance:test.PatientSignUpTest@1725dc0f]" started-at="2021-08-25T10:36:53 IST" name="initialize" finished-at="2021-08-25T10:37:00 IST" duration-ms="7314" status="PASS">
          <reporter-output>
            <line>
              <![CDATA[<a target="_blank" href="C:\Users\Codetru\eclipselevel\pom\screenshots\screenshot1.png">Screenshot1</a>]]>
            </line>
            <line>
              <![CDATA[<img src="C:\Users\Codetru\eclipselevel\pom\screenshots\screenshot1.png"/>]]>
            </line>
          </reporter-output>
        </test-method> <!-- initialize -->
        <test-method signature="SignUpTest()[pri:0, instance:test.PatientSignUpTest@1725dc0f]" started-at="2021-08-25T10:37:00 IST" name="SignUpTest" finished-at="2021-08-25T10:37:01 IST" duration-ms="831" status="PASS">
          <reporter-output>
          </reporter-output>
        </test-method> <!-- SignUpTest -->
        <test-method is-config="true" signature="TeardownTest()[pri:0, instance:test.PatientSignUpTest@1725dc0f]" started-at="2021-08-25T10:37:01 IST" name="TeardownTest" finished-at="2021-08-25T10:37:01 IST" duration-ms="244" status="PASS">
          <reporter-output>
          </reporter-output>
        </test-method> <!-- TeardownTest -->
      </class> <!-- test.PatientSignUpTest -->
    </test> <!-- Test -->
  </suite> <!-- Suite -->
</testng-results>
